<?xml version="1.0" encoding="UTF-8"?>
<testng-results skipped="0" failed="0" ignored="0" total="1" passed="1">
  <reporter-output>
  </reporter-output>
  <suite name="Parallel tests" duration-ms="51" started-at="2019-12-23T21:55:19Z" finished-at="2019-12-23T21:55:19Z">
    <groups>
    </groups>
    <test name="Test One" duration-ms="51" started-at="2019-12-23T21:55:19Z" finished-at="2019-12-23T21:55:19Z">
      <class name="HelloWorld">
        <test-method status="PASS" signature="test()[pri:0, instance:HelloWorld@50b494a6]" name="test" duration-ms="7" started-at="2019-12-23T21:55:19Z" finished-at="2019-12-23T21:55:19Z">
          <reporter-output>
          </reporter-output>
        </test-method> <!-- test -->
      </class> <!-- HelloWorld -->
    </test> <!-- Test One -->
  </suite> <!-- Parallel tests -->
</testng-results>
